2026-02-14T10:58:09.238 INFO (pid:10019) - Use the JDK from 'PATH' as the initial default project JDK.
2026-02-14T10:58:09.273 INFO (pid:10019) - Server configured with the following runtimes: []
2026-02-14T10:58:09.284 INFO (pid:10019) - Starting server with lombok support /home/tre3iii/dotfiles/wsl_ubuntu/.config/coc/extensions/node_modules/coc-java/server/lombok.jar
2026-02-14T10:58:09.295 INFO (pid:10019) - Starting Java server with: /home/tre3iii/dotfiles/wsl_ubuntu/.config/coc/extensions/coc-java-data/jdk-23.0.2-linux-x64/bin/java --add-modules=ALL-SYSTEM --add-opens java.base/java.util=ALL-UNNAMED --add-opens java.base/java.lang=ALL-UNNAMED --add-opens java.base/sun.nio.fs=ALL-UNNAMED -Declipse.application=org.eclipse.jdt.ls.core.id1 -Dosgi.bundles.defaultStartLevel=4 -Declipse.product=org.eclipse.jdt.ls.core.product -Djava.import.generatesMetadataFilesAtProjectRoot=false -Dfile.encoding=UTF-8 -XX:+UseParallelGC -XX:GCTimeRatio=4 -XX:AdaptiveSizePolicyWeight=90 -Dsun.zip.disableMemoryMapping=true -Xmx1G -Xms100m -Xlog:disable -javaagent:/home/tre3iii/dotfiles/wsl_ubuntu/.config/coc/extensions/node_modules/coc-java/server/lombok.jar -XX:+HeapDumpOnOutOfMemoryError -XX:HeapDumpPath=/home/tre3iii/dotfiles/wsl_ubuntu/.config/coc/extensions/coc-java-data -jar /home/tre3iii/dotfiles/wsl_ubuntu/.config/coc/extensions/node_modules/coc-java/server/plugins/org.eclipse.equinox.launcher_1.6.1000.v20250131-0606.jar -configuration /home/tre3iii/dotfiles/wsl_ubuntu/.config/coc/extensions/coc-java-data/1.26.1/config_linux -data /home/tre3iii/dotfiles/wsl_ubuntu/.config/coc/extensions/coc-java-data/jdt_ws_51fa38f3b845dd1b91d7d2dbcffa5429
2026-02-14T10:58:10.413 INFO (pid:10019) - [Stderr - 10:58:10 AM] Feb 14, 2026 10:58:10 AM org.apache.aries.spifly.BaseActivator log
2026-02-14T10:58:10.413 INFO (pid:10019) - [Stderr - 10:58:10 AM] INFO: Registered provider ch.qos.logback.classic.servlet.LogbackServletContainerInitializer of service jakarta.servlet.ServletContainerInitializer in bundle ch.qos.logback.classic
2026-02-14T10:58:10.414 INFO (pid:10019) - [Stderr - 10:58:10 AM] Feb 14, 2026 10:58:10 AM org.apache.aries.spifly.BaseActivator log
2026-02-14T10:58:10.414 INFO (pid:10019) - [Stderr - 10:58:10 AM] INFO: Registered provider ch.qos.logback.classic.spi.LogbackServiceProvider of service org.slf4j.spi.SLF4JServiceProvider in bundle ch.qos.logback.classic
2026-02-14T11:17:56.476 INFO (pid:11101) - Use the JDK from 'PATH' as the initial default project JDK.
2026-02-14T11:17:56.520 INFO (pid:11101) - Server configured with the following runtimes: []
2026-02-14T11:17:56.530 INFO (pid:11101) - Starting server with lombok support /home/tre3iii/dotfiles/wsl_ubuntu/.config/coc/extensions/node_modules/coc-java/server/lombok.jar
2026-02-14T11:17:56.538 INFO (pid:11101) - Starting Java server with: /home/tre3iii/dotfiles/wsl_ubuntu/.config/coc/extensions/coc-java-data/jdk-23.0.2-linux-x64/bin/java --add-modules=ALL-SYSTEM --add-opens java.base/java.util=ALL-UNNAMED --add-opens java.base/java.lang=ALL-UNNAMED --add-opens java.base/sun.nio.fs=ALL-UNNAMED -Declipse.application=org.eclipse.jdt.ls.core.id1 -Dosgi.bundles.defaultStartLevel=4 -Declipse.product=org.eclipse.jdt.ls.core.product -Djava.import.generatesMetadataFilesAtProjectRoot=false -Dfile.encoding=UTF-8 -XX:+UseParallelGC -XX:GCTimeRatio=4 -XX:AdaptiveSizePolicyWeight=90 -Dsun.zip.disableMemoryMapping=true -Xmx1G -Xms100m -Xlog:disable -javaagent:/home/tre3iii/dotfiles/wsl_ubuntu/.config/coc/extensions/node_modules/coc-java/server/lombok.jar -XX:+HeapDumpOnOutOfMemoryError -XX:HeapDumpPath=/home/tre3iii/dotfiles/wsl_ubuntu/.config/coc/extensions/coc-java-data -jar /home/tre3iii/dotfiles/wsl_ubuntu/.config/coc/extensions/node_modules/coc-java/server/plugins/org.eclipse.equinox.launcher_1.6.1000.v20250131-0606.jar -configuration /home/tre3iii/dotfiles/wsl_ubuntu/.config/coc/extensions/coc-java-data/1.26.1/config_linux -data /home/tre3iii/dotfiles/wsl_ubuntu/.config/coc/extensions/coc-java-data/jdt_ws_51fa38f3b845dd1b91d7d2dbcffa5429
2026-02-14T11:17:57.191 INFO (pid:11101) - [Stderr - 11:17:57 AM] Feb 14, 2026 11:17:57 AM org.apache.aries.spifly.BaseActivator log
2026-02-14T11:17:57.191 INFO (pid:11101) - [Stderr - 11:17:57 AM] INFO: Registered provider ch.qos.logback.classic.servlet.LogbackServletContainerInitializer of service jakarta.servlet.ServletContainerInitializer in bundle ch.qos.logback.classic
2026-02-14T11:17:57.191 INFO (pid:11101) - [Stderr - 11:17:57 AM] Feb 14, 2026 11:17:57 AM org.apache.aries.spifly.BaseActivator log
2026-02-14T11:17:57.191 INFO (pid:11101) - [Stderr - 11:17:57 AM] INFO: Registered provider ch.qos.logback.classic.spi.LogbackServiceProvider of service org.slf4j.spi.SLF4JServiceProvider in bundle ch.qos.logback.classic
2026-02-14T11:17:58.575 INFO (pid:11101) - [Warn  - 11:17:58 AM] Feb 14, 2026, 11:17:57 AM The workspace exited with unsaved changes in the previous session; refreshing workspace to recover changes.
null
2026-02-14T11:58:00.278 INFO (pid:15313) - Use the JDK from 'PATH' as the initial default project JDK.
2026-02-14T11:58:00.315 INFO (pid:15313) - Server configured with the following runtimes: []
2026-02-14T11:58:00.325 INFO (pid:15313) - Starting server with lombok support /home/tre3iii/dotfiles/wsl_ubuntu/.config/coc/extensions/node_modules/coc-java/server/lombok.jar
2026-02-14T11:58:00.334 INFO (pid:15313) - Starting Java server with: /home/tre3iii/dotfiles/wsl_ubuntu/.config/coc/extensions/coc-java-data/jdk-23.0.2-linux-x64/bin/java --add-modules=ALL-SYSTEM --add-opens java.base/java.util=ALL-UNNAMED --add-opens java.base/java.lang=ALL-UNNAMED --add-opens java.base/sun.nio.fs=ALL-UNNAMED -Declipse.application=org.eclipse.jdt.ls.core.id1 -Dosgi.bundles.defaultStartLevel=4 -Declipse.product=org.eclipse.jdt.ls.core.product -Djava.import.generatesMetadataFilesAtProjectRoot=false -Dfile.encoding=UTF-8 -XX:+UseParallelGC -XX:GCTimeRatio=4 -XX:AdaptiveSizePolicyWeight=90 -Dsun.zip.disableMemoryMapping=true -Xmx1G -Xms100m -Xlog:disable -javaagent:/home/tre3iii/dotfiles/wsl_ubuntu/.config/coc/extensions/node_modules/coc-java/server/lombok.jar -XX:+HeapDumpOnOutOfMemoryError -XX:HeapDumpPath=/home/tre3iii/dotfiles/wsl_ubuntu/.config/coc/extensions/coc-java-data -jar /home/tre3iii/dotfiles/wsl_ubuntu/.config/coc/extensions/node_modules/coc-java/server/plugins/org.eclipse.equinox.launcher_1.6.1000.v20250131-0606.jar -configuration /home/tre3iii/dotfiles/wsl_ubuntu/.config/coc/extensions/coc-java-data/1.26.1/config_linux -data /home/tre3iii/dotfiles/wsl_ubuntu/.config/coc/extensions/coc-java-data/jdt_ws_51fa38f3b845dd1b91d7d2dbcffa5429
2026-02-14T11:58:01.174 INFO (pid:15313) - [Stderr - 11:58:01 AM] Feb 14, 2026 11:58:01 AM org.apache.aries.spifly.BaseActivator log
2026-02-14T11:58:01.174 INFO (pid:15313) - [Stderr - 11:58:01 AM] INFO: Registered provider ch.qos.logback.classic.servlet.LogbackServletContainerInitializer of service jakarta.servlet.ServletContainerInitializer in bundle ch.qos.logback.classic
2026-02-14T11:58:01.174 INFO (pid:15313) - [Stderr - 11:58:01 AM] Feb 14, 2026 11:58:01 AM org.apache.aries.spifly.BaseActivator log
2026-02-14T11:58:01.174 INFO (pid:15313) - [Stderr - 11:58:01 AM] INFO: Registered provider ch.qos.logback.classic.spi.LogbackServiceProvider of service org.slf4j.spi.SLF4JServiceProvider in bundle ch.qos.logback.classic
2026-02-14T11:58:02.549 INFO (pid:15313) - [Warn  - 11:58:02 AM] Feb 14, 2026, 11:58:01 AM The workspace exited with unsaved changes in the previous session; refreshing workspace to recover changes.
null
2026-02-15T14:10:01.102 INFO (pid:1222) - Use the JDK from 'PATH' as the initial default project JDK.
2026-02-15T14:10:01.147 INFO (pid:1222) - Server configured with the following runtimes: []
2026-02-15T14:10:01.157 INFO (pid:1222) - Starting server with lombok support /home/tre3iii/dotfiles/wsl_ubuntu/.config/coc/extensions/node_modules/coc-java/server/lombok.jar
2026-02-15T14:10:01.168 INFO (pid:1222) - Starting Java server with: /home/tre3iii/dotfiles/wsl_ubuntu/.config/coc/extensions/coc-java-data/jdk-23.0.2-linux-x64/bin/java --add-modules=ALL-SYSTEM --add-opens java.base/java.util=ALL-UNNAMED --add-opens java.base/java.lang=ALL-UNNAMED --add-opens java.base/sun.nio.fs=ALL-UNNAMED -Declipse.application=org.eclipse.jdt.ls.core.id1 -Dosgi.bundles.defaultStartLevel=4 -Declipse.product=org.eclipse.jdt.ls.core.product -Djava.import.generatesMetadataFilesAtProjectRoot=false -Dfile.encoding=UTF-8 -XX:+UseParallelGC -XX:GCTimeRatio=4 -XX:AdaptiveSizePolicyWeight=90 -Dsun.zip.disableMemoryMapping=true -Xmx1G -Xms100m -Xlog:disable -javaagent:/home/tre3iii/dotfiles/wsl_ubuntu/.config/coc/extensions/node_modules/coc-java/server/lombok.jar -XX:+HeapDumpOnOutOfMemoryError -XX:HeapDumpPath=/home/tre3iii/dotfiles/wsl_ubuntu/.config/coc/extensions/coc-java-data -jar /home/tre3iii/dotfiles/wsl_ubuntu/.config/coc/extensions/node_modules/coc-java/server/plugins/org.eclipse.equinox.launcher_1.6.1000.v20250131-0606.jar -configuration /home/tre3iii/dotfiles/wsl_ubuntu/.config/coc/extensions/coc-java-data/1.26.1/config_linux -data /home/tre3iii/dotfiles/wsl_ubuntu/.config/coc/extensions/coc-java-data/jdt_ws_51fa38f3b845dd1b91d7d2dbcffa5429
2026-02-15T14:10:02.119 INFO (pid:1222) - [Stderr - 2:10:02 PM] Feb 15, 2026 2:10:02 PM org.apache.aries.spifly.BaseActivator log
2026-02-15T14:10:02.119 INFO (pid:1222) - [Stderr - 2:10:02 PM] INFO: Registered provider ch.qos.logback.classic.servlet.LogbackServletContainerInitializer of service jakarta.servlet.ServletContainerInitializer in bundle ch.qos.logback.classic
2026-02-15T14:10:02.119 INFO (pid:1222) - [Stderr - 2:10:02 PM] Feb 15, 2026 2:10:02 PM org.apache.aries.spifly.BaseActivator log
2026-02-15T14:10:02.119 INFO (pid:1222) - [Stderr - 2:10:02 PM] INFO: Registered provider ch.qos.logback.classic.spi.LogbackServiceProvider of service org.slf4j.spi.SLF4JServiceProvider in bundle ch.qos.logback.classic
2026-02-15T14:10:03.800 INFO (pid:1222) - [Warn  - 2:10:03 PM] Feb 15, 2026, 2:10:02 PM The workspace exited with unsaved changes in the previous session; refreshing workspace to recover changes.
null
2026-02-15T14:15:11.780 INFO (pid:2272) - Use the JDK from 'PATH' as the initial default project JDK.
2026-02-15T14:15:11.832 INFO (pid:2272) - Server configured with the following runtimes: []
2026-02-15T14:15:11.842 INFO (pid:2272) - Starting server with lombok support /home/tre3iii/dotfiles/wsl_ubuntu/.config/coc/extensions/node_modules/coc-java/server/lombok.jar
2026-02-15T14:15:11.851 INFO (pid:2272) - Starting Java server with: /home/tre3iii/dotfiles/wsl_ubuntu/.config/coc/extensions/coc-java-data/jdk-23.0.2-linux-x64/bin/java --add-modules=ALL-SYSTEM --add-opens java.base/java.util=ALL-UNNAMED --add-opens java.base/java.lang=ALL-UNNAMED --add-opens java.base/sun.nio.fs=ALL-UNNAMED -Declipse.application=org.eclipse.jdt.ls.core.id1 -Dosgi.bundles.defaultStartLevel=4 -Declipse.product=org.eclipse.jdt.ls.core.product -Djava.import.generatesMetadataFilesAtProjectRoot=false -Dfile.encoding=UTF-8 -XX:+UseParallelGC -XX:GCTimeRatio=4 -XX:AdaptiveSizePolicyWeight=90 -Dsun.zip.disableMemoryMapping=true -Xmx1G -Xms100m -Xlog:disable -javaagent:/home/tre3iii/dotfiles/wsl_ubuntu/.config/coc/extensions/node_modules/coc-java/server/lombok.jar -XX:+HeapDumpOnOutOfMemoryError -XX:HeapDumpPath=/home/tre3iii/dotfiles/wsl_ubuntu/.config/coc/extensions/coc-java-data -jar /home/tre3iii/dotfiles/wsl_ubuntu/.config/coc/extensions/node_modules/coc-java/server/plugins/org.eclipse.equinox.launcher_1.6.1000.v20250131-0606.jar -configuration /home/tre3iii/dotfiles/wsl_ubuntu/.config/coc/extensions/coc-java-data/1.26.1/config_linux -data /home/tre3iii/dotfiles/wsl_ubuntu/.config/coc/extensions/coc-java-data/jdt_ws_51fa38f3b845dd1b91d7d2dbcffa5429
2026-02-15T14:15:12.596 INFO (pid:2272) - [Stderr - 2:15:12 PM] Feb 15, 2026 2:15:12 PM org.apache.aries.spifly.BaseActivator log
2026-02-15T14:15:12.596 INFO (pid:2272) - [Stderr - 2:15:12 PM] INFO: Registered provider ch.qos.logback.classic.servlet.LogbackServletContainerInitializer of service jakarta.servlet.ServletContainerInitializer in bundle ch.qos.logback.classic
2026-02-15T14:15:12.596 INFO (pid:2272) - [Stderr - 2:15:12 PM] Feb 15, 2026 2:15:12 PM org.apache.aries.spifly.BaseActivator log
2026-02-15T14:15:12.596 INFO (pid:2272) - [Stderr - 2:15:12 PM] INFO: Registered provider ch.qos.logback.classic.spi.LogbackServiceProvider of service org.slf4j.spi.SLF4JServiceProvider in bundle ch.qos.logback.classic
2026-02-15T14:15:14.237 INFO (pid:2272) - [Warn  - 2:15:14 PM] Feb 15, 2026, 2:15:13 PM The workspace exited with unsaved changes in the previous session; refreshing workspace to recover changes.
null
2026-02-15T14:37:00.477 INFO (pid:2272) - [Stderr - 2:37:00 PM] Feb 15, 2026 2:37:00 PM org.eclipse.lsp4j.jsonrpc.RemoteEndpoint handleCancellation
2026-02-15T14:37:00.477 INFO (pid:2272) - [Stderr - 2:37:00 PM] WARNING: Unmatched cancel notification for request id 163
2026-02-15T14:37:00.912 INFO (pid:2272) - [Stderr - 2:37:00 PM] Feb 15, 2026 2:37:00 PM org.eclipse.lsp4j.jsonrpc.RemoteEndpoint handleCancellation
2026-02-15T14:37:00.912 INFO (pid:2272) - [Stderr - 2:37:00 PM] WARNING: Unmatched cancel notification for request id 164
2026-02-15T14:37:00.917 INFO (pid:2272) - [Stderr - 2:37:00 PM] Feb 15, 2026 2:37:00 PM org.eclipse.lsp4j.jsonrpc.RemoteEndpoint handleCancellation
2026-02-15T14:37:00.917 INFO (pid:2272) - [Stderr - 2:37:00 PM] WARNING: Unmatched cancel notification for request id 165
2026-02-15T17:37:43.189 INFO (pid:1206) - Use the JDK from 'PATH' as the initial default project JDK.
2026-02-15T17:37:43.235 INFO (pid:1206) - Server configured with the following runtimes: []
2026-02-15T17:37:43.245 INFO (pid:1206) - Starting server with lombok support /home/tre3iii/dotfiles/wsl_ubuntu/.config/coc/extensions/node_modules/coc-java/server/lombok.jar
2026-02-15T17:37:43.256 INFO (pid:1206) - Starting Java server with: /home/tre3iii/dotfiles/wsl_ubuntu/.config/coc/extensions/coc-java-data/jdk-23.0.2-linux-x64/bin/java --add-modules=ALL-SYSTEM --add-opens java.base/java.util=ALL-UNNAMED --add-opens java.base/java.lang=ALL-UNNAMED --add-opens java.base/sun.nio.fs=ALL-UNNAMED -Declipse.application=org.eclipse.jdt.ls.core.id1 -Dosgi.bundles.defaultStartLevel=4 -Declipse.product=org.eclipse.jdt.ls.core.product -Djava.import.generatesMetadataFilesAtProjectRoot=false -Dfile.encoding=UTF-8 -XX:+UseParallelGC -XX:GCTimeRatio=4 -XX:AdaptiveSizePolicyWeight=90 -Dsun.zip.disableMemoryMapping=true -Xmx1G -Xms100m -Xlog:disable -javaagent:/home/tre3iii/dotfiles/wsl_ubuntu/.config/coc/extensions/node_modules/coc-java/server/lombok.jar -XX:+HeapDumpOnOutOfMemoryError -XX:HeapDumpPath=/home/tre3iii/dotfiles/wsl_ubuntu/.config/coc/extensions/coc-java-data -jar /home/tre3iii/dotfiles/wsl_ubuntu/.config/coc/extensions/node_modules/coc-java/server/plugins/org.eclipse.equinox.launcher_1.6.1000.v20250131-0606.jar -configuration /home/tre3iii/dotfiles/wsl_ubuntu/.config/coc/extensions/coc-java-data/1.26.1/config_linux -data /home/tre3iii/dotfiles/wsl_ubuntu/.config/coc/extensions/coc-java-data/jdt_ws_51fa38f3b845dd1b91d7d2dbcffa5429
2026-02-15T17:37:44.226 INFO (pid:1206) - [Stderr - 5:37:44 PM] Feb 15, 2026 5:37:44 PM org.apache.aries.spifly.BaseActivator log
2026-02-15T17:37:44.226 INFO (pid:1206) - [Stderr - 5:37:44 PM] INFO: Registered provider ch.qos.logback.classic.servlet.LogbackServletContainerInitializer of service jakarta.servlet.ServletContainerInitializer in bundle ch.qos.logback.classic
2026-02-15T17:37:44.227 INFO (pid:1206) - [Stderr - 5:37:44 PM] Feb 15, 2026 5:37:44 PM org.apache.aries.spifly.BaseActivator log
2026-02-15T17:37:44.227 INFO (pid:1206) - [Stderr - 5:37:44 PM] INFO: Registered provider ch.qos.logback.classic.spi.LogbackServiceProvider of service org.slf4j.spi.SLF4JServiceProvider in bundle ch.qos.logback.classic
2026-02-15T17:37:46.013 INFO (pid:1206) - [Warn  - 5:37:46 PM] Feb 15, 2026, 5:37:44 PM The workspace exited with unsaved changes in the previous session; refreshing workspace to recover changes.
null
2026-02-15T18:58:40.020 INFO (pid:1140) - Use the JDK from 'PATH' as the initial default project JDK.
2026-02-15T18:58:40.064 INFO (pid:1140) - Server configured with the following runtimes: []
2026-02-15T18:58:40.077 INFO (pid:1140) - Starting server with lombok support /home/tre3iii/dotfiles/wsl_ubuntu/.config/coc/extensions/node_modules/coc-java/server/lombok.jar
2026-02-15T18:58:40.090 INFO (pid:1140) - Starting Java server with: /home/tre3iii/dotfiles/wsl_ubuntu/.config/coc/extensions/coc-java-data/jdk-23.0.2-linux-x64/bin/java --add-modules=ALL-SYSTEM --add-opens java.base/java.util=ALL-UNNAMED --add-opens java.base/java.lang=ALL-UNNAMED --add-opens java.base/sun.nio.fs=ALL-UNNAMED -Declipse.application=org.eclipse.jdt.ls.core.id1 -Dosgi.bundles.defaultStartLevel=4 -Declipse.product=org.eclipse.jdt.ls.core.product -Djava.import.generatesMetadataFilesAtProjectRoot=false -Dfile.encoding=UTF-8 -XX:+UseParallelGC -XX:GCTimeRatio=4 -XX:AdaptiveSizePolicyWeight=90 -Dsun.zip.disableMemoryMapping=true -Xmx1G -Xms100m -Xlog:disable -javaagent:/home/tre3iii/dotfiles/wsl_ubuntu/.config/coc/extensions/node_modules/coc-java/server/lombok.jar -XX:+HeapDumpOnOutOfMemoryError -XX:HeapDumpPath=/home/tre3iii/dotfiles/wsl_ubuntu/.config/coc/extensions/coc-java-data -jar /home/tre3iii/dotfiles/wsl_ubuntu/.config/coc/extensions/node_modules/coc-java/server/plugins/org.eclipse.equinox.launcher_1.6.1000.v20250131-0606.jar -configuration /home/tre3iii/dotfiles/wsl_ubuntu/.config/coc/extensions/coc-java-data/1.26.1/config_linux -data /home/tre3iii/dotfiles/wsl_ubuntu/.config/coc/extensions/coc-java-data/jdt_ws_51fa38f3b845dd1b91d7d2dbcffa5429
2026-02-15T18:58:41.016 INFO (pid:1140) - [Stderr - 6:58:40 PM] Feb 15, 2026 6:58:40 PM org.apache.aries.spifly.BaseActivator log
2026-02-15T18:58:41.017 INFO (pid:1140) - [Stderr - 6:58:41 PM] INFO: Registered provider ch.qos.logback.classic.servlet.LogbackServletContainerInitializer of service jakarta.servlet.ServletContainerInitializer in bundle ch.qos.logback.classic
2026-02-15T18:58:41.017 INFO (pid:1140) - [Stderr - 6:58:41 PM] Feb 15, 2026 6:58:40 PM org.apache.aries.spifly.BaseActivator log
2026-02-15T18:58:41.017 INFO (pid:1140) - [Stderr - 6:58:41 PM] INFO: Registered provider ch.qos.logback.classic.spi.LogbackServiceProvider of service org.slf4j.spi.SLF4JServiceProvider in bundle ch.qos.logback.classic
2026-02-15T18:58:42.528 INFO (pid:1140) - [Warn  - 6:58:42 PM] Feb 15, 2026, 6:58:41 PM The workspace exited with unsaved changes in the previous session; refreshing workspace to recover changes.
null
2026-02-15T19:24:14.848 INFO (pid:1140) - [Stderr - 7:24:14 PM] Feb 15, 2026 7:24:14 PM org.eclipse.lsp4j.jsonrpc.RemoteEndpoint handleCancellation
2026-02-15T19:24:14.848 INFO (pid:1140) - [Stderr - 7:24:14 PM] WARNING: Unmatched cancel notification for request id 38
2026-02-15T19:27:33.185 INFO (pid:4604) - Use the JDK from 'PATH' as the initial default project JDK.
2026-02-15T19:27:33.226 INFO (pid:4604) - Server configured with the following runtimes: []
2026-02-15T19:27:33.235 INFO (pid:4604) - Starting server with lombok support /home/tre3iii/dotfiles/wsl_ubuntu/.config/coc/extensions/node_modules/coc-java/server/lombok.jar
2026-02-15T19:27:33.243 INFO (pid:4604) - Starting Java server with: /home/tre3iii/dotfiles/wsl_ubuntu/.config/coc/extensions/coc-java-data/jdk-23.0.2-linux-x64/bin/java --add-modules=ALL-SYSTEM --add-opens java.base/java.util=ALL-UNNAMED --add-opens java.base/java.lang=ALL-UNNAMED --add-opens java.base/sun.nio.fs=ALL-UNNAMED -Declipse.application=org.eclipse.jdt.ls.core.id1 -Dosgi.bundles.defaultStartLevel=4 -Declipse.product=org.eclipse.jdt.ls.core.product -Djava.import.generatesMetadataFilesAtProjectRoot=false -Dfile.encoding=UTF-8 -XX:+UseParallelGC -XX:GCTimeRatio=4 -XX:AdaptiveSizePolicyWeight=90 -Dsun.zip.disableMemoryMapping=true -Xmx1G -Xms100m -Xlog:disable -javaagent:/home/tre3iii/dotfiles/wsl_ubuntu/.config/coc/extensions/node_modules/coc-java/server/lombok.jar -XX:+HeapDumpOnOutOfMemoryError -XX:HeapDumpPath=/home/tre3iii/dotfiles/wsl_ubuntu/.config/coc/extensions/coc-java-data -jar /home/tre3iii/dotfiles/wsl_ubuntu/.config/coc/extensions/node_modules/coc-java/server/plugins/org.eclipse.equinox.launcher_1.6.1000.v20250131-0606.jar -configuration /home/tre3iii/dotfiles/wsl_ubuntu/.config/coc/extensions/coc-java-data/1.26.1/config_linux -data /home/tre3iii/dotfiles/wsl_ubuntu/.config/coc/extensions/coc-java-data/jdt_ws_51fa38f3b845dd1b91d7d2dbcffa5429
2026-02-15T19:27:33.931 INFO (pid:4604) - [Stderr - 7:27:33 PM] Feb 15, 2026 7:27:33 PM org.apache.aries.spifly.BaseActivator log
2026-02-15T19:27:33.931 INFO (pid:4604) - [Stderr - 7:27:33 PM] INFO: Registered provider ch.qos.logback.classic.servlet.LogbackServletContainerInitializer of service jakarta.servlet.ServletContainerInitializer in bundle ch.qos.logback.classic
2026-02-15T19:27:33.932 INFO (pid:4604) - [Stderr - 7:27:33 PM] Feb 15, 2026 7:27:33 PM org.apache.aries.spifly.BaseActivator log
2026-02-15T19:27:33.932 INFO (pid:4604) - [Stderr - 7:27:33 PM] INFO: Registered provider ch.qos.logback.classic.spi.LogbackServiceProvider of service org.slf4j.spi.SLF4JServiceProvider in bundle ch.qos.logback.classic
2026-02-15T19:27:35.494 INFO (pid:4604) - [Warn  - 7:27:35 PM] Feb 15, 2026, 7:27:34 PM The workspace exited with unsaved changes in the previous session; refreshing workspace to recover changes.
null
2026-02-15T19:40:21.903 INFO (pid:6302) - Use the JDK from 'PATH' as the initial default project JDK.
2026-02-15T19:40:21.948 INFO (pid:6302) - Server configured with the following runtimes: []
2026-02-15T19:40:21.957 INFO (pid:6302) - Starting server with lombok support /home/tre3iii/dotfiles/wsl_ubuntu/.config/coc/extensions/node_modules/coc-java/server/lombok.jar
2026-02-15T19:40:21.965 INFO (pid:6302) - Starting Java server with: /home/tre3iii/dotfiles/wsl_ubuntu/.config/coc/extensions/coc-java-data/jdk-23.0.2-linux-x64/bin/java --add-modules=ALL-SYSTEM --add-opens java.base/java.util=ALL-UNNAMED --add-opens java.base/java.lang=ALL-UNNAMED --add-opens java.base/sun.nio.fs=ALL-UNNAMED -Declipse.application=org.eclipse.jdt.ls.core.id1 -Dosgi.bundles.defaultStartLevel=4 -Declipse.product=org.eclipse.jdt.ls.core.product -Djava.import.generatesMetadataFilesAtProjectRoot=false -Dfile.encoding=UTF-8 -XX:+UseParallelGC -XX:GCTimeRatio=4 -XX:AdaptiveSizePolicyWeight=90 -Dsun.zip.disableMemoryMapping=true -Xmx1G -Xms100m -Xlog:disable -javaagent:/home/tre3iii/dotfiles/wsl_ubuntu/.config/coc/extensions/node_modules/coc-java/server/lombok.jar -XX:+HeapDumpOnOutOfMemoryError -XX:HeapDumpPath=/home/tre3iii/dotfiles/wsl_ubuntu/.config/coc/extensions/coc-java-data -jar /home/tre3iii/dotfiles/wsl_ubuntu/.config/coc/extensions/node_modules/coc-java/server/plugins/org.eclipse.equinox.launcher_1.6.1000.v20250131-0606.jar -configuration /home/tre3iii/dotfiles/wsl_ubuntu/.config/coc/extensions/coc-java-data/1.26.1/config_linux -data /home/tre3iii/dotfiles/wsl_ubuntu/.config/coc/extensions/coc-java-data/jdt_ws_51fa38f3b845dd1b91d7d2dbcffa5429
2026-02-15T19:40:22.828 INFO (pid:6302) - [Stderr - 7:40:22 PM] Feb 15, 2026 7:40:22 PM org.apache.aries.spifly.BaseActivator log
2026-02-15T19:40:22.828 INFO (pid:6302) - [Stderr - 7:40:22 PM] INFO: Registered provider ch.qos.logback.classic.servlet.LogbackServletContainerInitializer of service jakarta.servlet.ServletContainerInitializer in bundle ch.qos.logback.classic
2026-02-15T19:40:22.829 INFO (pid:6302) - [Stderr - 7:40:22 PM] Feb 15, 2026 7:40:22 PM org.apache.aries.spifly.BaseActivator log
2026-02-15T19:40:22.829 INFO (pid:6302) - [Stderr - 7:40:22 PM] INFO: Registered provider ch.qos.logback.classic.spi.LogbackServiceProvider of service org.slf4j.spi.SLF4JServiceProvider in bundle ch.qos.logback.classic
2026-02-15T19:40:24.403 INFO (pid:6302) - [Warn  - 7:40:24 PM] Feb 15, 2026, 7:40:23 PM The workspace exited with unsaved changes in the previous session; refreshing workspace to recover changes.
null
2026-02-16T13:49:51.760 INFO (pid:5152) - Use the JDK from 'PATH' as the initial default project JDK.
2026-02-16T13:49:51.800 INFO (pid:5152) - Server configured with the following runtimes: []
2026-02-16T13:49:51.815 INFO (pid:5152) - Starting server with lombok support /home/tre3iii/dotfiles/wsl_ubuntu/.config/coc/extensions/node_modules/coc-java/server/lombok.jar
2026-02-16T13:49:51.826 INFO (pid:5152) - Starting Java server with: /home/tre3iii/dotfiles/wsl_ubuntu/.config/coc/extensions/coc-java-data/jdk-23.0.2-linux-x64/bin/java --add-modules=ALL-SYSTEM --add-opens java.base/java.util=ALL-UNNAMED --add-opens java.base/java.lang=ALL-UNNAMED --add-opens java.base/sun.nio.fs=ALL-UNNAMED -Declipse.application=org.eclipse.jdt.ls.core.id1 -Dosgi.bundles.defaultStartLevel=4 -Declipse.product=org.eclipse.jdt.ls.core.product -Djava.import.generatesMetadataFilesAtProjectRoot=false -Dfile.encoding=UTF-8 -XX:+UseParallelGC -XX:GCTimeRatio=4 -XX:AdaptiveSizePolicyWeight=90 -Dsun.zip.disableMemoryMapping=true -Xmx1G -Xms100m -Xlog:disable -javaagent:/home/tre3iii/dotfiles/wsl_ubuntu/.config/coc/extensions/node_modules/coc-java/server/lombok.jar -XX:+HeapDumpOnOutOfMemoryError -XX:HeapDumpPath=/home/tre3iii/dotfiles/wsl_ubuntu/.config/coc/extensions/coc-java-data -jar /home/tre3iii/dotfiles/wsl_ubuntu/.config/coc/extensions/node_modules/coc-java/server/plugins/org.eclipse.equinox.launcher_1.6.1000.v20250131-0606.jar -configuration /home/tre3iii/dotfiles/wsl_ubuntu/.config/coc/extensions/coc-java-data/1.26.1/config_linux -data /home/tre3iii/dotfiles/wsl_ubuntu/.config/coc/extensions/coc-java-data/jdt_ws_51fa38f3b845dd1b91d7d2dbcffa5429
2026-02-16T13:49:52.736 INFO (pid:5152) - [Stderr - 1:49:52 PM] Feb 16, 2026 1:49:52 PM org.apache.aries.spifly.BaseActivator log
2026-02-16T13:49:52.736 INFO (pid:5152) - [Stderr - 1:49:52 PM] INFO: Registered provider ch.qos.logback.classic.servlet.LogbackServletContainerInitializer of service jakarta.servlet.ServletContainerInitializer in bundle ch.qos.logback.classic
2026-02-16T13:49:52.736 INFO (pid:5152) - [Stderr - 1:49:52 PM] Feb 16, 2026 1:49:52 PM org.apache.aries.spifly.BaseActivator log
2026-02-16T13:49:52.736 INFO (pid:5152) - [Stderr - 1:49:52 PM] INFO: Registered provider ch.qos.logback.classic.spi.LogbackServiceProvider of service org.slf4j.spi.SLF4JServiceProvider in bundle ch.qos.logback.classic
2026-02-16T13:49:54.371 INFO (pid:5152) - [Warn  - 1:49:54 PM] Feb 16, 2026, 1:49:53 PM The workspace exited with unsaved changes in the previous session; refreshing workspace to recover changes.
null
2026-02-16T13:59:03.673 INFO (pid:5588) - Use the JDK from 'PATH' as the initial default project JDK.
2026-02-16T13:59:03.716 INFO (pid:5588) - Server configured with the following runtimes: []
2026-02-16T13:59:03.727 INFO (pid:5588) - Starting server with lombok support /home/tre3iii/dotfiles/wsl_ubuntu/.config/coc/extensions/node_modules/coc-java/server/lombok.jar
2026-02-16T13:59:03.738 INFO (pid:5588) - Starting Java server with: /home/tre3iii/dotfiles/wsl_ubuntu/.config/coc/extensions/coc-java-data/jdk-23.0.2-linux-x64/bin/java --add-modules=ALL-SYSTEM --add-opens java.base/java.util=ALL-UNNAMED --add-opens java.base/java.lang=ALL-UNNAMED --add-opens java.base/sun.nio.fs=ALL-UNNAMED -Declipse.application=org.eclipse.jdt.ls.core.id1 -Dosgi.bundles.defaultStartLevel=4 -Declipse.product=org.eclipse.jdt.ls.core.product -Djava.import.generatesMetadataFilesAtProjectRoot=false -Dfile.encoding=UTF-8 -XX:+UseParallelGC -XX:GCTimeRatio=4 -XX:AdaptiveSizePolicyWeight=90 -Dsun.zip.disableMemoryMapping=true -Xmx1G -Xms100m -Xlog:disable -javaagent:/home/tre3iii/dotfiles/wsl_ubuntu/.config/coc/extensions/node_modules/coc-java/server/lombok.jar -XX:+HeapDumpOnOutOfMemoryError -XX:HeapDumpPath=/home/tre3iii/dotfiles/wsl_ubuntu/.config/coc/extensions/coc-java-data -jar /home/tre3iii/dotfiles/wsl_ubuntu/.config/coc/extensions/node_modules/coc-java/server/plugins/org.eclipse.equinox.launcher_1.6.1000.v20250131-0606.jar -configuration /home/tre3iii/dotfiles/wsl_ubuntu/.config/coc/extensions/coc-java-data/1.26.1/config_linux -data /home/tre3iii/dotfiles/wsl_ubuntu/.config/coc/extensions/coc-java-data/jdt_ws_51fa38f3b845dd1b91d7d2dbcffa5429
2026-02-16T13:59:04.437 INFO (pid:5588) - [Stderr - 1:59:04 PM] Feb 16, 2026 1:59:04 PM org.apache.aries.spifly.BaseActivator log
2026-02-16T13:59:04.437 INFO (pid:5588) - [Stderr - 1:59:04 PM] INFO: Registered provider ch.qos.logback.classic.servlet.LogbackServletContainerInitializer of service jakarta.servlet.ServletContainerInitializer in bundle ch.qos.logback.classic
2026-02-16T13:59:04.437 INFO (pid:5588) - [Stderr - 1:59:04 PM] Feb 16, 2026 1:59:04 PM org.apache.aries.spifly.BaseActivator log
2026-02-16T13:59:04.438 INFO (pid:5588) - [Stderr - 1:59:04 PM] INFO: Registered provider ch.qos.logback.classic.spi.LogbackServiceProvider of service org.slf4j.spi.SLF4JServiceProvider in bundle ch.qos.logback.classic
2026-02-16T14:07:52.507 INFO (pid:6414) - Use the JDK from 'PATH' as the initial default project JDK.
2026-02-16T14:07:52.557 INFO (pid:6414) - Server configured with the following runtimes: []
2026-02-16T14:07:52.569 INFO (pid:6414) - Starting server with lombok support /home/tre3iii/dotfiles/wsl_ubuntu/.config/coc/extensions/node_modules/coc-java/server/lombok.jar
2026-02-16T14:07:52.578 INFO (pid:6414) - Starting Java server with: /home/tre3iii/dotfiles/wsl_ubuntu/.config/coc/extensions/coc-java-data/jdk-23.0.2-linux-x64/bin/java --add-modules=ALL-SYSTEM --add-opens java.base/java.util=ALL-UNNAMED --add-opens java.base/java.lang=ALL-UNNAMED --add-opens java.base/sun.nio.fs=ALL-UNNAMED -Declipse.application=org.eclipse.jdt.ls.core.id1 -Dosgi.bundles.defaultStartLevel=4 -Declipse.product=org.eclipse.jdt.ls.core.product -Djava.import.generatesMetadataFilesAtProjectRoot=false -Dfile.encoding=UTF-8 -XX:+UseParallelGC -XX:GCTimeRatio=4 -XX:AdaptiveSizePolicyWeight=90 -Dsun.zip.disableMemoryMapping=true -Xmx1G -Xms100m -Xlog:disable -javaagent:/home/tre3iii/dotfiles/wsl_ubuntu/.config/coc/extensions/node_modules/coc-java/server/lombok.jar -XX:+HeapDumpOnOutOfMemoryError -XX:HeapDumpPath=/home/tre3iii/dotfiles/wsl_ubuntu/.config/coc/extensions/coc-java-data -jar /home/tre3iii/dotfiles/wsl_ubuntu/.config/coc/extensions/node_modules/coc-java/server/plugins/org.eclipse.equinox.launcher_1.6.1000.v20250131-0606.jar -configuration /home/tre3iii/dotfiles/wsl_ubuntu/.config/coc/extensions/coc-java-data/1.26.1/config_linux -data /home/tre3iii/dotfiles/wsl_ubuntu/.config/coc/extensions/coc-java-data/jdt_ws_51fa38f3b845dd1b91d7d2dbcffa5429
2026-02-16T14:07:53.294 INFO (pid:6414) - [Stderr - 2:07:53 PM] Feb 16, 2026 2:07:53 PM org.apache.aries.spifly.BaseActivator log
2026-02-16T14:07:53.294 INFO (pid:6414) - [Stderr - 2:07:53 PM] INFO: Registered provider ch.qos.logback.classic.servlet.LogbackServletContainerInitializer of service jakarta.servlet.ServletContainerInitializer in bundle ch.qos.logback.classic
2026-02-16T14:07:53.295 INFO (pid:6414) - [Stderr - 2:07:53 PM] Feb 16, 2026 2:07:53 PM org.apache.aries.spifly.BaseActivator log
2026-02-16T14:07:53.295 INFO (pid:6414) - [Stderr - 2:07:53 PM] INFO: Registered provider ch.qos.logback.classic.spi.LogbackServiceProvider of service org.slf4j.spi.SLF4JServiceProvider in bundle ch.qos.logback.classic
2026-02-16T14:07:54.884 INFO (pid:6414) - [Warn  - 2:07:54 PM] Feb 16, 2026, 2:07:53 PM The workspace exited with unsaved changes in the previous session; refreshing workspace to recover changes.
null
2026-02-16T14:28:57.681 INFO (pid:8000) - Use the JDK from 'PATH' as the initial default project JDK.
2026-02-16T14:28:57.728 INFO (pid:8000) - Server configured with the following runtimes: []
2026-02-16T14:28:57.744 INFO (pid:8000) - Starting server with lombok support /home/tre3iii/dotfiles/wsl_ubuntu/.config/coc/extensions/node_modules/coc-java/server/lombok.jar
2026-02-16T14:28:57.749 INFO (pid:8000) - Starting Java server with: /home/tre3iii/dotfiles/wsl_ubuntu/.config/coc/extensions/coc-java-data/jdk-23.0.2-linux-x64/bin/java --add-modules=ALL-SYSTEM --add-opens java.base/java.util=ALL-UNNAMED --add-opens java.base/java.lang=ALL-UNNAMED --add-opens java.base/sun.nio.fs=ALL-UNNAMED -Declipse.application=org.eclipse.jdt.ls.core.id1 -Dosgi.bundles.defaultStartLevel=4 -Declipse.product=org.eclipse.jdt.ls.core.product -Djava.import.generatesMetadataFilesAtProjectRoot=false -Dfile.encoding=UTF-8 -XX:+UseParallelGC -XX:GCTimeRatio=4 -XX:AdaptiveSizePolicyWeight=90 -Dsun.zip.disableMemoryMapping=true -Xmx1G -Xms100m -Xlog:disable -javaagent:/home/tre3iii/dotfiles/wsl_ubuntu/.config/coc/extensions/node_modules/coc-java/server/lombok.jar -XX:+HeapDumpOnOutOfMemoryError -XX:HeapDumpPath=/home/tre3iii/dotfiles/wsl_ubuntu/.config/coc/extensions/coc-java-data -jar /home/tre3iii/dotfiles/wsl_ubuntu/.config/coc/extensions/node_modules/coc-java/server/plugins/org.eclipse.equinox.launcher_1.6.1000.v20250131-0606.jar -configuration /home/tre3iii/dotfiles/wsl_ubuntu/.config/coc/extensions/coc-java-data/1.26.1/config_linux -data /home/tre3iii/dotfiles/wsl_ubuntu/.config/coc/extensions/coc-java-data/jdt_ws_51fa38f3b845dd1b91d7d2dbcffa5429
2026-02-16T14:28:58.667 INFO (pid:8000) - [Stderr - 2:28:58 PM] Feb 16, 2026 2:28:58 PM org.apache.aries.spifly.BaseActivator log
2026-02-16T14:28:58.667 INFO (pid:8000) - [Stderr - 2:28:58 PM] INFO: Registered provider ch.qos.logback.classic.servlet.LogbackServletContainerInitializer of service jakarta.servlet.ServletContainerInitializer in bundle ch.qos.logback.classic
2026-02-16T14:28:58.668 INFO (pid:8000) - [Stderr - 2:28:58 PM] Feb 16, 2026 2:28:58 PM org.apache.aries.spifly.BaseActivator log
2026-02-16T14:28:58.668 INFO (pid:8000) - [Stderr - 2:28:58 PM] INFO: Registered provider ch.qos.logback.classic.spi.LogbackServiceProvider of service org.slf4j.spi.SLF4JServiceProvider in bundle ch.qos.logback.classic
2026-02-16T14:31:57.137 INFO (pid:8000) - [Stderr - 2:31:57 PM] Feb 16, 2026 2:31:57 PM org.eclipse.lsp4j.jsonrpc.RemoteEndpoint handleCancellation
2026-02-16T14:31:57.138 INFO (pid:8000) - [Stderr - 2:31:57 PM] WARNING: Unmatched cancel notification for request id 30
2026-02-16T14:31:57.662 INFO (pid:8000) - [Stderr - 2:31:57 PM] Feb 16, 2026 2:31:57 PM org.eclipse.lsp4j.jsonrpc.RemoteEndpoint handleCancellation
2026-02-16T14:31:57.662 INFO (pid:8000) - [Stderr - 2:31:57 PM] WARNING: Unmatched cancel notification for request id 34
2026-02-16T14:44:08.994 INFO (pid:8748) - Use the JDK from 'PATH' as the initial default project JDK.
2026-02-16T14:44:09.042 INFO (pid:8748) - Server configured with the following runtimes: []
2026-02-16T14:44:09.054 INFO (pid:8748) - Starting server with lombok support /home/tre3iii/dotfiles/wsl_ubuntu/.config/coc/extensions/node_modules/coc-java/server/lombok.jar
2026-02-16T14:44:09.059 INFO (pid:8748) - Starting Java server with: /home/tre3iii/dotfiles/wsl_ubuntu/.config/coc/extensions/coc-java-data/jdk-23.0.2-linux-x64/bin/java --add-modules=ALL-SYSTEM --add-opens java.base/java.util=ALL-UNNAMED --add-opens java.base/java.lang=ALL-UNNAMED --add-opens java.base/sun.nio.fs=ALL-UNNAMED -Declipse.application=org.eclipse.jdt.ls.core.id1 -Dosgi.bundles.defaultStartLevel=4 -Declipse.product=org.eclipse.jdt.ls.core.product -Djava.import.generatesMetadataFilesAtProjectRoot=false -Dfile.encoding=UTF-8 -XX:+UseParallelGC -XX:GCTimeRatio=4 -XX:AdaptiveSizePolicyWeight=90 -Dsun.zip.disableMemoryMapping=true -Xmx1G -Xms100m -Xlog:disable -javaagent:/home/tre3iii/dotfiles/wsl_ubuntu/.config/coc/extensions/node_modules/coc-java/server/lombok.jar -XX:+HeapDumpOnOutOfMemoryError -XX:HeapDumpPath=/home/tre3iii/dotfiles/wsl_ubuntu/.config/coc/extensions/coc-java-data -jar /home/tre3iii/dotfiles/wsl_ubuntu/.config/coc/extensions/node_modules/coc-java/server/plugins/org.eclipse.equinox.launcher_1.6.1000.v20250131-0606.jar -configuration /home/tre3iii/dotfiles/wsl_ubuntu/.config/coc/extensions/coc-java-data/1.26.1/config_linux -data /home/tre3iii/dotfiles/wsl_ubuntu/.config/coc/extensions/coc-java-data/jdt_ws_51fa38f3b845dd1b91d7d2dbcffa5429
2026-02-16T14:44:09.788 INFO (pid:8748) - [Stderr - 2:44:09 PM] Feb 16, 2026 2:44:09 PM org.apache.aries.spifly.BaseActivator log
2026-02-16T14:44:09.788 INFO (pid:8748) - [Stderr - 2:44:09 PM] INFO: Registered provider ch.qos.logback.classic.servlet.LogbackServletContainerInitializer of service jakarta.servlet.ServletContainerInitializer in bundle ch.qos.logback.classic
2026-02-16T14:44:09.788 INFO (pid:8748) - [Stderr - 2:44:09 PM] Feb 16, 2026 2:44:09 PM org.apache.aries.spifly.BaseActivator log
2026-02-16T14:44:09.788 INFO (pid:8748) - [Stderr - 2:44:09 PM] INFO: Registered provider ch.qos.logback.classic.spi.LogbackServiceProvider of service org.slf4j.spi.SLF4JServiceProvider in bundle ch.qos.logback.classic
2026-02-16T14:44:11.396 INFO (pid:8748) - [Warn  - 2:44:11 PM] Feb 16, 2026, 2:44:10 PM The workspace exited with unsaved changes in the previous session; refreshing workspace to recover changes.
null
2026-02-16T14:45:18.148 INFO (pid:9351) - Use the JDK from 'PATH' as the initial default project JDK.
2026-02-16T14:45:18.191 INFO (pid:9351) - Server configured with the following runtimes: []
2026-02-16T14:45:18.201 INFO (pid:9351) - Starting server with lombok support /home/tre3iii/dotfiles/wsl_ubuntu/.config/coc/extensions/node_modules/coc-java/server/lombok.jar
2026-02-16T14:45:18.206 INFO (pid:9351) - Starting Java server with: /home/tre3iii/dotfiles/wsl_ubuntu/.config/coc/extensions/coc-java-data/jdk-23.0.2-linux-x64/bin/java --add-modules=ALL-SYSTEM --add-opens java.base/java.util=ALL-UNNAMED --add-opens java.base/java.lang=ALL-UNNAMED --add-opens java.base/sun.nio.fs=ALL-UNNAMED -Declipse.application=org.eclipse.jdt.ls.core.id1 -Dosgi.bundles.defaultStartLevel=4 -Declipse.product=org.eclipse.jdt.ls.core.product -Djava.import.generatesMetadataFilesAtProjectRoot=false -Dfile.encoding=UTF-8 -XX:+UseParallelGC -XX:GCTimeRatio=4 -XX:AdaptiveSizePolicyWeight=90 -Dsun.zip.disableMemoryMapping=true -Xmx1G -Xms100m -Xlog:disable -javaagent:/home/tre3iii/dotfiles/wsl_ubuntu/.config/coc/extensions/node_modules/coc-java/server/lombok.jar -XX:+HeapDumpOnOutOfMemoryError -XX:HeapDumpPath=/home/tre3iii/dotfiles/wsl_ubuntu/.config/coc/extensions/coc-java-data -jar /home/tre3iii/dotfiles/wsl_ubuntu/.config/coc/extensions/node_modules/coc-java/server/plugins/org.eclipse.equinox.launcher_1.6.1000.v20250131-0606.jar -configuration /home/tre3iii/dotfiles/wsl_ubuntu/.config/coc/extensions/coc-java-data/1.26.1/config_linux -data /home/tre3iii/dotfiles/wsl_ubuntu/.config/coc/extensions/coc-java-data/jdt_ws_51fa38f3b845dd1b91d7d2dbcffa5429
2026-02-16T14:45:18.813 INFO (pid:9351) - [Stderr - 2:45:18 PM] Feb 16, 2026 2:45:18 PM org.apache.aries.spifly.BaseActivator log
2026-02-16T14:45:18.813 INFO (pid:9351) - [Stderr - 2:45:18 PM] INFO: Registered provider ch.qos.logback.classic.servlet.LogbackServletContainerInitializer of service jakarta.servlet.ServletContainerInitializer in bundle ch.qos.logback.classic
2026-02-16T14:45:18.813 INFO (pid:9351) - [Stderr - 2:45:18 PM] Feb 16, 2026 2:45:18 PM org.apache.aries.spifly.BaseActivator log
2026-02-16T14:45:18.813 INFO (pid:9351) - [Stderr - 2:45:18 PM] INFO: Registered provider ch.qos.logback.classic.spi.LogbackServiceProvider of service org.slf4j.spi.SLF4JServiceProvider in bundle ch.qos.logback.classic
2026-02-16T14:48:31.371 INFO (pid:10114) - Use the JDK from 'PATH' as the initial default project JDK.
2026-02-16T14:48:31.410 INFO (pid:10114) - Server configured with the following runtimes: []
2026-02-16T14:48:31.419 INFO (pid:10114) - Starting server with lombok support /home/tre3iii/dotfiles/wsl_ubuntu/.config/coc/extensions/node_modules/coc-java/server/lombok.jar
2026-02-16T14:48:31.424 INFO (pid:10114) - Starting Java server with: /home/tre3iii/dotfiles/wsl_ubuntu/.config/coc/extensions/coc-java-data/jdk-23.0.2-linux-x64/bin/java --add-modules=ALL-SYSTEM --add-opens java.base/java.util=ALL-UNNAMED --add-opens java.base/java.lang=ALL-UNNAMED --add-opens java.base/sun.nio.fs=ALL-UNNAMED -Declipse.application=org.eclipse.jdt.ls.core.id1 -Dosgi.bundles.defaultStartLevel=4 -Declipse.product=org.eclipse.jdt.ls.core.product -Djava.import.generatesMetadataFilesAtProjectRoot=false -Dfile.encoding=UTF-8 -XX:+UseParallelGC -XX:GCTimeRatio=4 -XX:AdaptiveSizePolicyWeight=90 -Dsun.zip.disableMemoryMapping=true -Xmx1G -Xms100m -Xlog:disable -javaagent:/home/tre3iii/dotfiles/wsl_ubuntu/.config/coc/extensions/node_modules/coc-java/server/lombok.jar -XX:+HeapDumpOnOutOfMemoryError -XX:HeapDumpPath=/home/tre3iii/dotfiles/wsl_ubuntu/.config/coc/extensions/coc-java-data -jar /home/tre3iii/dotfiles/wsl_ubuntu/.config/coc/extensions/node_modules/coc-java/server/plugins/org.eclipse.equinox.launcher_1.6.1000.v20250131-0606.jar -configuration /home/tre3iii/dotfiles/wsl_ubuntu/.config/coc/extensions/coc-java-data/1.26.1/config_linux -data /home/tre3iii/dotfiles/wsl_ubuntu/.config/coc/extensions/coc-java-data/jdt_ws_51fa38f3b845dd1b91d7d2dbcffa5429
2026-02-16T14:48:32.031 INFO (pid:10114) - [Stderr - 2:48:32 PM] Feb 16, 2026 2:48:31 PM org.apache.aries.spifly.BaseActivator log
2026-02-16T14:48:32.031 INFO (pid:10114) - [Stderr - 2:48:32 PM] INFO: Registered provider ch.qos.logback.classic.servlet.LogbackServletContainerInitializer of service jakarta.servlet.ServletContainerInitializer in bundle ch.qos.logback.classic
2026-02-16T14:48:32.031 INFO (pid:10114) - [Stderr - 2:48:32 PM] Feb 16, 2026 2:48:32 PM org.apache.aries.spifly.BaseActivator log
2026-02-16T14:48:32.031 INFO (pid:10114) - [Stderr - 2:48:32 PM] INFO: Registered provider ch.qos.logback.classic.spi.LogbackServiceProvider of service org.slf4j.spi.SLF4JServiceProvider in bundle ch.qos.logback.classic
2026-02-16T14:48:33.255 INFO (pid:10114) - [Warn  - 2:48:33 PM] Feb 16, 2026, 2:48:32 PM The workspace exited with unsaved changes in the previous session; refreshing workspace to recover changes.
null
2026-02-16T14:54:11.140 INFO (pid:10888) - Use the JDK from 'PATH' as the initial default project JDK.
2026-02-16T14:54:11.179 INFO (pid:10888) - Server configured with the following runtimes: []
2026-02-16T14:54:11.189 INFO (pid:10888) - Starting server with lombok support /home/tre3iii/dotfiles/wsl_ubuntu/.config/coc/extensions/node_modules/coc-java/server/lombok.jar
2026-02-16T14:54:11.193 INFO (pid:10888) - Starting Java server with: /home/tre3iii/dotfiles/wsl_ubuntu/.config/coc/extensions/coc-java-data/jdk-23.0.2-linux-x64/bin/java --add-modules=ALL-SYSTEM --add-opens java.base/java.util=ALL-UNNAMED --add-opens java.base/java.lang=ALL-UNNAMED --add-opens java.base/sun.nio.fs=ALL-UNNAMED -Declipse.application=org.eclipse.jdt.ls.core.id1 -Dosgi.bundles.defaultStartLevel=4 -Declipse.product=org.eclipse.jdt.ls.core.product -Djava.import.generatesMetadataFilesAtProjectRoot=false -Dfile.encoding=UTF-8 -XX:+UseParallelGC -XX:GCTimeRatio=4 -XX:AdaptiveSizePolicyWeight=90 -Dsun.zip.disableMemoryMapping=true -Xmx1G -Xms100m -Xlog:disable -javaagent:/home/tre3iii/dotfiles/wsl_ubuntu/.config/coc/extensions/node_modules/coc-java/server/lombok.jar -XX:+HeapDumpOnOutOfMemoryError -XX:HeapDumpPath=/home/tre3iii/dotfiles/wsl_ubuntu/.config/coc/extensions/coc-java-data -jar /home/tre3iii/dotfiles/wsl_ubuntu/.config/coc/extensions/node_modules/coc-java/server/plugins/org.eclipse.equinox.launcher_1.6.1000.v20250131-0606.jar -configuration /home/tre3iii/dotfiles/wsl_ubuntu/.config/coc/extensions/coc-java-data/1.26.1/config_linux -data /home/tre3iii/dotfiles/wsl_ubuntu/.config/coc/extensions/coc-java-data/jdt_ws_51fa38f3b845dd1b91d7d2dbcffa5429
2026-02-16T14:54:11.798 INFO (pid:10888) - [Stderr - 2:54:11 PM] Feb 16, 2026 2:54:11 PM org.apache.aries.spifly.BaseActivator log
2026-02-16T14:54:11.799 INFO (pid:10888) - [Stderr - 2:54:11 PM] INFO: Registered provider ch.qos.logback.classic.servlet.LogbackServletContainerInitializer of service jakarta.servlet.ServletContainerInitializer in bundle ch.qos.logback.classic
2026-02-16T14:54:11.799 INFO (pid:10888) - [Stderr - 2:54:11 PM] Feb 16, 2026 2:54:11 PM org.apache.aries.spifly.BaseActivator log
2026-02-16T14:54:11.799 INFO (pid:10888) - [Stderr - 2:54:11 PM] INFO: Registered provider ch.qos.logback.classic.spi.LogbackServiceProvider of service org.slf4j.spi.SLF4JServiceProvider in bundle ch.qos.logback.classic
2026-02-17T01:44:41.549 INFO (pid:1433) - Use the JDK from 'PATH' as the initial default project JDK.
2026-02-17T01:44:41.585 INFO (pid:1433) - Server configured with the following runtimes: []
2026-02-17T01:44:41.603 INFO (pid:1433) - Starting server with lombok support /home/tre3iii/dotfiles/wsl_ubuntu/.config/coc/extensions/node_modules/coc-java/server/lombok.jar
2026-02-17T01:44:41.612 INFO (pid:1433) - Starting Java server with: /home/tre3iii/dotfiles/wsl_ubuntu/.config/coc/extensions/coc-java-data/jdk-23.0.2-linux-x64/bin/java --add-modules=ALL-SYSTEM --add-opens java.base/java.util=ALL-UNNAMED --add-opens java.base/java.lang=ALL-UNNAMED --add-opens java.base/sun.nio.fs=ALL-UNNAMED -Declipse.application=org.eclipse.jdt.ls.core.id1 -Dosgi.bundles.defaultStartLevel=4 -Declipse.product=org.eclipse.jdt.ls.core.product -Djava.import.generatesMetadataFilesAtProjectRoot=false -Dfile.encoding=UTF-8 -XX:+UseParallelGC -XX:GCTimeRatio=4 -XX:AdaptiveSizePolicyWeight=90 -Dsun.zip.disableMemoryMapping=true -Xmx1G -Xms100m -Xlog:disable -javaagent:/home/tre3iii/dotfiles/wsl_ubuntu/.config/coc/extensions/node_modules/coc-java/server/lombok.jar -XX:+HeapDumpOnOutOfMemoryError -XX:HeapDumpPath=/home/tre3iii/dotfiles/wsl_ubuntu/.config/coc/extensions/coc-java-data -jar /home/tre3iii/dotfiles/wsl_ubuntu/.config/coc/extensions/node_modules/coc-java/server/plugins/org.eclipse.equinox.launcher_1.6.1000.v20250131-0606.jar -configuration /home/tre3iii/dotfiles/wsl_ubuntu/.config/coc/extensions/coc-java-data/1.26.1/config_linux -data /home/tre3iii/dotfiles/wsl_ubuntu/.config/coc/extensions/coc-java-data/jdt_ws_51fa38f3b845dd1b91d7d2dbcffa5429
2026-02-17T01:44:42.428 INFO (pid:1433) - [Stderr - 1:44:42 AM] Feb 17, 2026 1:44:42 AM org.apache.aries.spifly.BaseActivator log
2026-02-17T01:44:42.428 INFO (pid:1433) - [Stderr - 1:44:42 AM] INFO: Registered provider ch.qos.logback.classic.servlet.LogbackServletContainerInitializer of service jakarta.servlet.ServletContainerInitializer in bundle ch.qos.logback.classic
2026-02-17T01:44:42.429 INFO (pid:1433) - [Stderr - 1:44:42 AM] Feb 17, 2026 1:44:42 AM org.apache.aries.spifly.BaseActivator log
2026-02-17T01:44:42.429 INFO (pid:1433) - [Stderr - 1:44:42 AM] INFO: Registered provider ch.qos.logback.classic.spi.LogbackServiceProvider of service org.slf4j.spi.SLF4JServiceProvider in bundle ch.qos.logback.classic
2026-02-20T21:48:32.038 INFO (pid:1996) - Use the JDK from 'PATH' as the initial default project JDK.
2026-02-20T21:48:32.173 INFO (pid:1996) - Server configured with the following runtimes: []
2026-02-20T21:48:32.206 INFO (pid:1996) - Starting server with lombok support /home/tre3iii/dotfiles/wsl_ubuntu/.config/coc/extensions/node_modules/coc-java/server/lombok.jar
2026-02-20T21:48:32.233 INFO (pid:1996) - Starting Java server with: /home/tre3iii/dotfiles/wsl_ubuntu/.config/coc/extensions/coc-java-data/jdk-23.0.2-linux-x64/bin/java --add-modules=ALL-SYSTEM --add-opens java.base/java.util=ALL-UNNAMED --add-opens java.base/java.lang=ALL-UNNAMED --add-opens java.base/sun.nio.fs=ALL-UNNAMED -Declipse.application=org.eclipse.jdt.ls.core.id1 -Dosgi.bundles.defaultStartLevel=4 -Declipse.product=org.eclipse.jdt.ls.core.product -Djava.import.generatesMetadataFilesAtProjectRoot=false -Dfile.encoding=UTF-8 -XX:+UseParallelGC -XX:GCTimeRatio=4 -XX:AdaptiveSizePolicyWeight=90 -Dsun.zip.disableMemoryMapping=true -Xmx1G -Xms100m -Xlog:disable -javaagent:/home/tre3iii/dotfiles/wsl_ubuntu/.config/coc/extensions/node_modules/coc-java/server/lombok.jar -XX:+HeapDumpOnOutOfMemoryError -XX:HeapDumpPath=/home/tre3iii/dotfiles/wsl_ubuntu/.config/coc/extensions/coc-java-data -jar /home/tre3iii/dotfiles/wsl_ubuntu/.config/coc/extensions/node_modules/coc-java/server/plugins/org.eclipse.equinox.launcher_1.6.1000.v20250131-0606.jar -configuration /home/tre3iii/dotfiles/wsl_ubuntu/.config/coc/extensions/coc-java-data/1.26.1/config_linux -data /home/tre3iii/dotfiles/wsl_ubuntu/.config/coc/extensions/coc-java-data/jdt_ws_51fa38f3b845dd1b91d7d2dbcffa5429
2026-02-20T21:48:33.971 INFO (pid:1996) - [Stderr - 9:48:33 PM] Feb 20, 2026 9:48:33 PM org.apache.aries.spifly.BaseActivator log
2026-02-20T21:48:33.971 INFO (pid:1996) - [Stderr - 9:48:33 PM] INFO: Registered provider ch.qos.logback.classic.servlet.LogbackServletContainerInitializer of service jakarta.servlet.ServletContainerInitializer in bundle ch.qos.logback.classic
2026-02-20T21:48:33.971 INFO (pid:1996) - [Stderr - 9:48:33 PM] Feb 20, 2026 9:48:33 PM org.apache.aries.spifly.BaseActivator log
2026-02-20T21:48:33.971 INFO (pid:1996) - [Stderr - 9:48:33 PM] INFO: Registered provider ch.qos.logback.classic.spi.LogbackServiceProvider of service org.slf4j.spi.SLF4JServiceProvider in bundle ch.qos.logback.classic
2026-02-20T21:48:36.353 INFO (pid:1996) - [Warn  - 9:48:36 PM] Feb 20, 2026, 9:48:35 PM The workspace exited with unsaved changes in the previous session; refreshing workspace to recover changes.
null
