----------------------------------------------------------------------
---------------------- SF GIANTS THANK YOU ---------------------------
----------------------------------------------------------------------
                                             powered by CSC 220 @ SFSU 
Language: English
Time Zone: PST
----------------------------------------------------------------------
Language:                 ENGLISH                                            
Time Zone:                Pacific Standard Time in Day Light Saving          
Color Sequences:          ANSI                                               
Standard Output Log:      ./src/assignment02PartB/log/StandardOut.log        
Standard Error Log:       ./src/assignment02PartB/log/StandardErr.log        
Receipt Log:              ./src/assignment02PartB/log/Receipt-*-*.log        
Default University:       San Francisco State University                     
Default Club:             San Francisco Giants                               
----------------------------------------------------------------------
2026/02/16 04:05:18 [0031 ms] PM PST - Chat session started.

SF Giants: Welcome to the SAN FRANCISCO GIANTS!
----------------------------------------------------------------------
Club:                     San Francisco Giants                               
Short Name:               SF Giants                                          
Established in:           1883                                               
Colors:                   Orange, Black, Gold, Cream                         
Ballpark:                 Oracle Park                                        
World Series Titles:      8                                                  
NL Pennants:              23                                                 
Division Titles:          8                                                  
Wild Card Berths:         3                                                  
Owners:                   San Francisco Baseball Associates LLC              
President:                Farhan Zaidi                                       
General Manager:          Scott Harris                                       
Manager:                  Gabe Kapler                                        
----------------------------------------------------------------------

SF Giants: Your first name and last name, please: Shedrick Williams
SF Giants: Your school email address, please: swilliams30@sfsu.edu
Shedrick Williams: Welcome to my university!
----------------------------------------------------------------------
Official Name:            San Francisco State University                     
Motto in Latin:           Experientia Docet                                  
Motto in English:         Experience Teaches                                 
Type:                     Public                                             
Year of Establishment:    1899                                               
Location:                 San Francisco, California, United States           
Address:                  1600 Holloway Avenue, San Francisco, CA 94132      
Colors:                   Purple, Gold                                       
Nickname:                 Gators                                             
Mascot:                   Gator                                              
Website:                  www.sfsu.edu                                       
----------------------------------------------------------------------

SF Giants: Thank you. We are connecting you with our player...
. . . . . 
----------------------------------------------------------------------
Player:                   Buster Posey                                       
Club:                     San Francisco Giants                               
Position:                 Catcher                                            
Number:                   28                                                 
Bats:                     Right                                              
Throws:                   Right                                              
MLB Debut:                2009                                               
----------------------------------------------------------------------
. . . . . 
Buster Posey, 28: Hello Shedrick. C-O-N-G-R-A-T-U-L-A-T-I-O-N-S!
Buster Posey, 28: SAN FRANCISCO STATE UNIVERSITY. Way to go!
Shedrick Williams: Thank you, Posey! Nice to e-meet you here!
Buster Posey, 28: Likewise, Shedrick. Very nice chatting w/ you.
Buster Posey, 28: How many SF Giants Thank You cards would you like to order?
Shedrick Williams: 3
Buster Posey, 28: In 3 lines, please provide 
 [1] Recipient name 
 [2] Art symbol (a character) 
 [3] Message to recipient
Buster Posey, 28: Card #1:
Shedrick Williams: [1] Mom
Shedrick Williams: [2] @
Shedrick Williams: [3] Thank you very much, Mom <3
Buster Posey, 28: Card #2:
Shedrick Williams: [1] Dad
Shedrick Williams: [2] #
Shedrick Williams: [3] Thank you, Dad!
Buster Posey, 28: Card #3:
Shedrick Williams: [1] Friends
Shedrick Williams: [2] $
Shedrick Williams: [3] Yahooooooooooo!!!!!
Buster Posey, 28: Thanks, Shedrick. Please confirm your order:

SF GIANTS - - - - SF GIANTS - - - - SF GIANTS - - - - SF GIANTS - - - - SF GIANTS - - - - SF    
SF                                                                                        SF       
SF       @@@@@@@@ @@                         @@                                                   @@@@@  SF       
SF          @@    @@                         @@                                                  @    @@ SF       
SF          @@    @@@@@@     @@@@   @@@@@@   @@  @@     @@   @@   @@@@@   @@   @@             @       @@ SF       
SF          @@    @@@  @@   @   @@  @@@  @@  @@ @@      @@   @@  @@   @@  @@   @@          @@@@       @@ SF       
SF          @@    @@   @@       @@  @@   @@  @@@@        @@ @@   @@   @@  @@   @@       @@@@       @@@@  SF       
SF          @@    @@   @@   @@@@@@  @@   @@  @@@@        @@ @@   @@   @@  @@   @@      @@             @@ SF       
SF          @@    @@   @@  @@   @@  @@   @@  @@ @@        @@@@   @@   @@  @@   @@       @@@@          @@ SF       
SF          @@    @@   @@  @@   @@  @@   @@  @@  @@       @@@    @@   @@  @@  @@@          @@@@  @    @@ SF       
SF          @@    @@   @@   @@@@@@  @@   @@  @@   @@       @@     @@@@@    @@@@@@             @   @@@@@  SF       
SF                                                         @@                                            SF       
SF                                                        @@                                             SF       
SF                                                       @@                                              SF       
SF                                                                                        SF       
SF GIANTS - - - - SF GIANTS - - - - SF GIANTS - - - - SF GIANTS - - - - SF GIANTS - - - - SF    
SF                                                                                        SF       
SF       Mom,                                                                             SF    
SF             Thank you very much, Mom <3                                                SF    
SF       Love,                                                                            SF    
SF       Shedrick                                                                         SF    
SF                                                                                        SF       
SF                                  swilliams30@sfsu.edu / Take Me out to the Ball Game   SF    
SF GIANTS - - - - SF GIANTS - - - - SF GIANTS - - - - SF GIANTS - - - - SF GIANTS - - - - SF    

SF GIANTS - - - - SF GIANTS - - - - SF GIANTS - - - - SF GIANTS - - - - SF GIANTS - - - - SF    
SF                                                                                        SF       
SF       ######## ##                         ##                                                   #####  SF       
SF          ##    ##                         ##                                                  #    ## SF       
SF          ##    ######     ####   ######   ##  ##     ##   ##   #####   ##   ##             #       ## SF       
SF          ##    ###  ##   #   ##  ###  ##  ## ##      ##   ##  ##   ##  ##   ##          ####       ## SF       
SF          ##    ##   ##       ##  ##   ##  ####        ## ##   ##   ##  ##   ##       ####       ####  SF       
SF          ##    ##   ##   ######  ##   ##  ####        ## ##   ##   ##  ##   ##      ##             ## SF       
SF          ##    ##   ##  ##   ##  ##   ##  ## ##        ####   ##   ##  ##   ##       ####          ## SF       
SF          ##    ##   ##  ##   ##  ##   ##  ##  ##       ###    ##   ##  ##  ###          ####  #    ## SF       
SF          ##    ##   ##   ######  ##   ##  ##   ##       ##     #####    ######             #   #####  SF       
SF                                                         ##                                            SF       
SF                                                        ##                                             SF       
SF                                                       ##                                              SF       
SF                                                                                        SF       
SF GIANTS - - - - SF GIANTS - - - - SF GIANTS - - - - SF GIANTS - - - - SF GIANTS - - - - SF    
SF                                                                                        SF       
SF       Dad,                                                                             SF    
SF             Thank you, Dad!                                                            SF    
SF       Love,                                                                            SF    
SF       Shedrick                                                                         SF    
SF                                                                                        SF       
SF                                  swilliams30@sfsu.edu / Take Me out to the Ball Game   SF    
SF GIANTS - - - - SF GIANTS - - - - SF GIANTS - - - - SF GIANTS - - - - SF GIANTS - - - - SF    

SF GIANTS - - - - SF GIANTS - - - - SF GIANTS - - - - SF GIANTS - - - - SF GIANTS - - - - SF    
SF                                                                                        SF       
SF       $$$$$$$$ $$                         $$                                                   $$$$$  SF       
SF          $$    $$                         $$                                                  $    $$ SF       
SF          $$    $$$$$$     $$$$   $$$$$$   $$  $$     $$   $$   $$$$$   $$   $$             $       $$ SF       
SF          $$    $$$  $$   $   $$  $$$  $$  $$ $$      $$   $$  $$   $$  $$   $$          $$$$       $$ SF       
SF          $$    $$   $$       $$  $$   $$  $$$$        $$ $$   $$   $$  $$   $$       $$$$       $$$$  SF       
SF          $$    $$   $$   $$$$$$  $$   $$  $$$$        $$ $$   $$   $$  $$   $$      $$             $$ SF       
SF          $$    $$   $$  $$   $$  $$   $$  $$ $$        $$$$   $$   $$  $$   $$       $$$$          $$ SF       
SF          $$    $$   $$  $$   $$  $$   $$  $$  $$       $$$    $$   $$  $$  $$$          $$$$  $    $$ SF       
SF          $$    $$   $$   $$$$$$  $$   $$  $$   $$       $$     $$$$$    $$$$$$             $   $$$$$  SF       
SF                                                         $$                                            SF       
SF                                                        $$                                             SF       
SF                                                       $$                                              SF       
SF                                                                                        SF       
SF GIANTS - - - - SF GIANTS - - - - SF GIANTS - - - - SF GIANTS - - - - SF GIANTS - - - - SF    
SF                                                                                        SF       
SF       Friends,                                                                         SF    
SF             Yahooooooooooo!!!!!                                                        SF    
SF       Love,                                                                            SF    
SF       Shedrick                                                                         SF    
SF                                                                                        SF       
SF                                  swilliams30@sfsu.edu / Take Me out to the Ball Game   SF    
SF GIANTS - - - - SF GIANTS - - - - SF GIANTS - - - - SF GIANTS - - - - SF GIANTS - - - - SF    

Shedrick Williams: Very nice! Thank you, Posey.
Buster Posey, 28: Thank you again, Shedrick. See you at your graduation ceremony!

SF Giants: *** FREE TICKETS to SF GIANTS Games *** _ 1 miss allowed _
SF Giants: Which type of class has 'protected' constructors?
Shedrick Williams: sealed
SF Giants: Incorrect!
SF Giants: What type of method did Java 8 add to 'interface'?
Shedrick Williams: abstract
SF Giants: Incorrect!
SF Giants: Sorry, you missed too many. Better luck next time!
2026/02/16 04:05:42 [23784 ms] PM PST - Chat session ended.
